<?xml version="1.0" encoding="UTF-8"?>
<!-- Generated by org.testng.reporters.JUnitReportReporter -->
<testsuite hostname="MSI" failures="0" tests="1" name="runners.myrunner" time="14.549" errors="0" timestamp="2024-02-29T16:37:34 IST" skipped="0">
  <testcase classname="runners.myrunner" name="runScenario" time="14.549"/>
  <system-out/>
</testsuite> <!-- runners.myrunner -->
